-Xajruntimetarget:1.5
-Xlint:ignore
-encoding
UTF-8
-showWeaveInfo
-verbose
-17
-classpath
C:\Users\mil0068\.m2\repository\io\papermc\paper\paper-api\1.18.1-R0.1-SNAPSHOT\paper-api-1.18.1-R0.1-SNAPSHOT.jar;C:\Users\mil0068\.m2\repository\commons-lang\commons-lang\2.6\commons-lang-2.6.jar;C:\Users\mil0068\.m2\repository\com\google\code\gson\gson\2.8.8\gson-2.8.8.jar;C:\Users\mil0068\.m2\repository\net\md-5\bungeecord-chat\1.16-R0.4\bungeecord-chat-1.16-R0.4.jar;C:\Users\mil0068\.m2\repository\org\yaml\snakeyaml\1.30\snakeyaml-1.30.jar;C:\Users\mil0068\.m2\repository\com\googlecode\json-simple\json-simple\1.1.1\json-simple-1.1.1.jar;C:\Users\mil0068\.m2\repository\it\unimi\dsi\fastutil\8.5.6\fastutil-8.5.6.jar;C:\Users\mil0068\.m2\repository\org\apache\logging\log4j\log4j-api\2.17.1\log4j-api-2.17.1.jar;C:\Users\mil0068\.m2\repository\org\slf4j\slf4j-api\1.8.0-beta4\slf4j-api-1.8.0-beta4.jar;C:\Users\mil0068\.m2\repository\net\kyori\adventure-api\4.9.3\adventure-api-4.9.3.jar;C:\Users\mil0068\.m2\repository\net\kyori\adventure-key\4.9.3\adventure-key-4.9.3.jar;C:\Users\mil0068\.m2\repository\net\kyori\examination-api\1.3.0\examination-api-1.3.0.jar;C:\Users\mil0068\.m2\repository\net\kyori\examination-string\1.3.0\examination-string-1.3.0.jar;C:\Users\mil0068\.m2\repository\net\kyori\adventure-text-serializer-gson\4.9.3\adventure-text-serializer-gson-4.9.3.jar;C:\Users\mil0068\.m2\repository\net\kyori\adventure-text-serializer-legacy\4.9.3\adventure-text-serializer-legacy-4.9.3.jar;C:\Users\mil0068\.m2\repository\net\kyori\adventure-text-serializer-plain\4.9.3\adventure-text-serializer-plain-4.9.3.jar;C:\Users\mil0068\.m2\repository\org\checkerframework\checker-qual\3.21.0\checker-qual-3.21.0.jar;C:\Users\mil0068\.m2\repository\org\jetbrains\annotations\22.0.0\annotations-22.0.0.jar;C:\Users\mil0068\.m2\repository\com\google\guava\guava\31.0.1-jre\guava-31.0.1-jre.jar;C:\Users\mil0068\.m2\repository\com\google\guava\failureaccess\1.0.1\failureaccess-1.0.1.jar;C:\Users\mil0068\.m2\repository\com\google\guava\listenablefuture\9999.0-empty-to-avoid-conflict-with-guava\listenablefuture-9999.0-empty-to-avoid-conflict-with-guava.jar;C:\Users\mil0068\.m2\repository\com\google\code\findbugs\jsr305\3.0.2\jsr305-3.0.2.jar;C:\Users\mil0068\.m2\repository\com\google\errorprone\error_prone_annotations\2.7.1\error_prone_annotations-2.7.1.jar;C:\Users\mil0068\.m2\repository\com\google\j2objc\j2objc-annotations\1.3\j2objc-annotations-1.3.jar;C:\Users\mil0068\.m2\repository\org\reflections\reflections\0.10.2\reflections-0.10.2.jar;C:\Users\mil0068\.m2\repository\org\javassist\javassist\3.28.0-GA\javassist-3.28.0-GA.jar;C:\Users\mil0068\.m2\repository\mysql\mysql-connector-java\8.0.27\mysql-connector-java-8.0.27.jar;C:\Users\mil0068\.m2\repository\com\google\protobuf\protobuf-java\3.11.4\protobuf-java-3.11.4.jar;C:\Users\mil0068\.m2\repository\com\cronutils\cron-utils\9.1.6\cron-utils-9.1.6.jar;C:\Users\mil0068\.m2\repository\org\glassfish\javax.el\3.0.0\javax.el-3.0.0.jar;C:\Users\mil0068\.m2\repository\org\aspectj\aspectjrt\1.9.8.RC1\aspectjrt-1.9.8.RC1.jar;C:\Users\mil0068\.m2\repository\org\junit\jupiter\junit-jupiter\5.8.2\junit-jupiter-5.8.2.jar;C:\Users\mil0068\.m2\repository\org\slf4j\slf4j-simple\2.0.0-alpha6\slf4j-simple-2.0.0-alpha6.jar;G:\Projects\MinecraftPaperMcPlugins\CloudyCoreLibrary\target\classes
-d
G:\Projects\MinecraftPaperMcPlugins\CloudyCoreLibrary\target\classes
-s
G:\Projects\MinecraftPaperMcPlugins\CloudyCoreLibrary\target\generated-sources\aspectj-maven-plugin
G:\Projects\MinecraftPaperMcPlugins\CloudyCoreLibrary\src\main\java\cz\cloudy\minecraft\core\await\Await.java
G:\Projects\MinecraftPaperMcPlugins\CloudyCoreLibrary\src\main\java\cz\cloudy\minecraft\core\await\AwaitBukkitEventListener.java
G:\Projects\MinecraftPaperMcPlugins\CloudyCoreLibrary\src\main\java\cz\cloudy\minecraft\core\await\AwaitConsumer.java
G:\Projects\MinecraftPaperMcPlugins\CloudyCoreLibrary\src\main\java\cz\cloudy\minecraft\core\await\AwaitTimedConsumer.java
G:\Projects\MinecraftPaperMcPlugins\CloudyCoreLibrary\src\main\java\cz\cloudy\minecraft\core\componentsystem\annotations\ActionListener.java
G:\Projects\MinecraftPaperMcPlugins\CloudyCoreLibrary\src\main\java\cz\cloudy\minecraft\core\componentsystem\annotations\Async.java
G:\Projects\MinecraftPaperMcPlugins\CloudyCoreLibrary\src\main\java\cz\cloudy\minecraft\core\componentsystem\annotations\Cached.java
G:\Projects\MinecraftPaperMcPlugins\CloudyCoreLibrary\src\main\java\cz\cloudy\minecraft\core\componentsystem\annotations\CheckCondition.java
G:\Projects\MinecraftPaperMcPlugins\CloudyCoreLibrary\src\main\java\cz\cloudy\minecraft\core\componentsystem\annotations\CheckConditions.java
G:\Projects\MinecraftPaperMcPlugins\CloudyCoreLibrary\src\main\java\cz\cloudy\minecraft\core\componentsystem\annotations\CheckConfiguration.java
G:\Projects\MinecraftPaperMcPlugins\CloudyCoreLibrary\src\main\java\cz\cloudy\minecraft\core\componentsystem\annotations\CheckPermission.java
G:\Projects\MinecraftPaperMcPlugins\CloudyCoreLibrary\src\main\java\cz\cloudy\minecraft\core\componentsystem\annotations\CheckPermissions.java
G:\Projects\MinecraftPaperMcPlugins\CloudyCoreLibrary\src\main\java\cz\cloudy\minecraft\core\componentsystem\annotations\CommandListener.java
G:\Projects\MinecraftPaperMcPlugins\CloudyCoreLibrary\src\main\java\cz\cloudy\minecraft\core\componentsystem\annotations\Component.java
G:\Projects\MinecraftPaperMcPlugins\CloudyCoreLibrary\src\main\java\cz\cloudy\minecraft\core\componentsystem\annotations\ComponentScan.java
G:\Projects\MinecraftPaperMcPlugins\CloudyCoreLibrary\src\main\java\cz\cloudy\minecraft\core\componentsystem\annotations\ComponentScans.java
G:\Projects\MinecraftPaperMcPlugins\CloudyCoreLibrary\src\main\java\cz\cloudy\minecraft\core\componentsystem\annotations\Cron.java
G:\Projects\MinecraftPaperMcPlugins\CloudyCoreLibrary\src\main\java\cz\cloudy\minecraft\core\componentsystem\annotations\Primary.java
G:\Projects\MinecraftPaperMcPlugins\CloudyCoreLibrary\src\main\java\cz\cloudy\minecraft\core\componentsystem\CollectionUtils.java
G:\Projects\MinecraftPaperMcPlugins\CloudyCoreLibrary\src\main\java\cz\cloudy\minecraft\core\componentsystem\ComponentAspect.java
G:\Projects\MinecraftPaperMcPlugins\CloudyCoreLibrary\src\main\java\cz\cloudy\minecraft\core\componentsystem\ComponentLoader.java
G:\Projects\MinecraftPaperMcPlugins\CloudyCoreLibrary\src\main\java\cz\cloudy\minecraft\core\componentsystem\interfaces\IClassScanListener.java
G:\Projects\MinecraftPaperMcPlugins\CloudyCoreLibrary\src\main\java\cz\cloudy\minecraft\core\componentsystem\interfaces\ICommandResponseResolvable.java
G:\Projects\MinecraftPaperMcPlugins\CloudyCoreLibrary\src\main\java\cz\cloudy\minecraft\core\componentsystem\interfaces\IComponent.java
G:\Projects\MinecraftPaperMcPlugins\CloudyCoreLibrary\src\main\java\cz\cloudy\minecraft\core\componentsystem\interfaces\IComponentLoadListener.java
G:\Projects\MinecraftPaperMcPlugins\CloudyCoreLibrary\src\main\java\cz\cloudy\minecraft\core\componentsystem\ReflectionUtils.java
G:\Projects\MinecraftPaperMcPlugins\CloudyCoreLibrary\src\main\java\cz\cloudy\minecraft\core\componentsystem\types\ActionListenerData.java
G:\Projects\MinecraftPaperMcPlugins\CloudyCoreLibrary\src\main\java\cz\cloudy\minecraft\core\componentsystem\types\CommandData.java
G:\Projects\MinecraftPaperMcPlugins\CloudyCoreLibrary\src\main\java\cz\cloudy\minecraft\core\componentsystem\types\CommandHandlerMethod.java
G:\Projects\MinecraftPaperMcPlugins\CloudyCoreLibrary\src\main\java\cz\cloudy\minecraft\core\componentsystem\types\command_responses\ErrorCommandResponse.java
G:\Projects\MinecraftPaperMcPlugins\CloudyCoreLibrary\src\main\java\cz\cloudy\minecraft\core\componentsystem\types\command_responses\InfoCommandResponse.java
G:\Projects\MinecraftPaperMcPlugins\CloudyCoreLibrary\src\main\java\cz\cloudy\minecraft\core\componentsystem\types\command_responses\ParameterCountErrorCommandResponse.java
G:\Projects\MinecraftPaperMcPlugins\CloudyCoreLibrary\src\main\java\cz\cloudy\minecraft\core\componentsystem\types\command_responses\PermissionErrorCommandResponse.java
G:\Projects\MinecraftPaperMcPlugins\CloudyCoreLibrary\src\main\java\cz\cloudy\minecraft\core\componentsystem\types\ComponentData.java
G:\Projects\MinecraftPaperMcPlugins\CloudyCoreLibrary\src\main\java\cz\cloudy\minecraft\core\componentsystem\types\CronData.java
G:\Projects\MinecraftPaperMcPlugins\CloudyCoreLibrary\src\main\java\cz\cloudy\minecraft\core\Constants.java
G:\Projects\MinecraftPaperMcPlugins\CloudyCoreLibrary\src\main\java\cz\cloudy\minecraft\core\CorePlugin.java
G:\Projects\MinecraftPaperMcPlugins\CloudyCoreLibrary\src\main\java\cz\cloudy\minecraft\core\CoreRunnerPlugin.java
G:\Projects\MinecraftPaperMcPlugins\CloudyCoreLibrary\src\main\java\cz\cloudy\minecraft\core\database\annotation\AutoIncrement.java
G:\Projects\MinecraftPaperMcPlugins\CloudyCoreLibrary\src\main\java\cz\cloudy\minecraft\core\database\annotation\Column.java
G:\Projects\MinecraftPaperMcPlugins\CloudyCoreLibrary\src\main\java\cz\cloudy\minecraft\core\database\annotation\Default.java
G:\Projects\MinecraftPaperMcPlugins\CloudyCoreLibrary\src\main\java\cz\cloudy\minecraft\core\database\annotation\ForeignKey.java
G:\Projects\MinecraftPaperMcPlugins\CloudyCoreLibrary\src\main\java\cz\cloudy\minecraft\core\database\annotation\Index.java
G:\Projects\MinecraftPaperMcPlugins\CloudyCoreLibrary\src\main\java\cz\cloudy\minecraft\core\database\annotation\Join.java
G:\Projects\MinecraftPaperMcPlugins\CloudyCoreLibrary\src\main\java\cz\cloudy\minecraft\core\database\annotation\Lazy.java
G:\Projects\MinecraftPaperMcPlugins\CloudyCoreLibrary\src\main\java\cz\cloudy\minecraft\core\database\annotation\MultiIndex.java
G:\Projects\MinecraftPaperMcPlugins\CloudyCoreLibrary\src\main\java\cz\cloudy\minecraft\core\database\annotation\Null.java
G:\Projects\MinecraftPaperMcPlugins\CloudyCoreLibrary\src\main\java\cz\cloudy\minecraft\core\database\annotation\PrimaryKey.java
G:\Projects\MinecraftPaperMcPlugins\CloudyCoreLibrary\src\main\java\cz\cloudy\minecraft\core\database\annotation\Protected.java
G:\Projects\MinecraftPaperMcPlugins\CloudyCoreLibrary\src\main\java\cz\cloudy\minecraft\core\database\annotation\Size.java
G:\Projects\MinecraftPaperMcPlugins\CloudyCoreLibrary\src\main\java\cz\cloudy\minecraft\core\database\annotation\Table.java
G:\Projects\MinecraftPaperMcPlugins\CloudyCoreLibrary\src\main\java\cz\cloudy\minecraft\core\database\annotation\Transform.java
G:\Projects\MinecraftPaperMcPlugins\CloudyCoreLibrary\src\main\java\cz\cloudy\minecraft\core\database\Database.java
G:\Projects\MinecraftPaperMcPlugins\CloudyCoreLibrary\src\main\java\cz\cloudy\minecraft\core\database\DatabaseAspect.java
G:\Projects\MinecraftPaperMcPlugins\CloudyCoreLibrary\src\main\java\cz\cloudy\minecraft\core\database\DatabaseCache.java
G:\Projects\MinecraftPaperMcPlugins\CloudyCoreLibrary\src\main\java\cz\cloudy\minecraft\core\database\DatabaseEntity.java
G:\Projects\MinecraftPaperMcPlugins\CloudyCoreLibrary\src\main\java\cz\cloudy\minecraft\core\database\DatabaseEntityMapper.java
G:\Projects\MinecraftPaperMcPlugins\CloudyCoreLibrary\src\main\java\cz\cloudy\minecraft\core\database\enums\DatabaseEngine.java
G:\Projects\MinecraftPaperMcPlugins\CloudyCoreLibrary\src\main\java\cz\cloudy\minecraft\core\database\enums\FetchLevel.java
G:\Projects\MinecraftPaperMcPlugins\CloudyCoreLibrary\src\main\java\cz\cloudy\minecraft\core\database\enums\QueryType.java
G:\Projects\MinecraftPaperMcPlugins\CloudyCoreLibrary\src\main\java\cz\cloudy\minecraft\core\database\fetch_data\MysqlFetchData.java
G:\Projects\MinecraftPaperMcPlugins\CloudyCoreLibrary\src\main\java\cz\cloudy\minecraft\core\database\interfaces\IDatabaseMapper.java
G:\Projects\MinecraftPaperMcPlugins\CloudyCoreLibrary\src\main\java\cz\cloudy\minecraft\core\database\interfaces\IDatabaseProcessor.java
G:\Projects\MinecraftPaperMcPlugins\CloudyCoreLibrary\src\main\java\cz\cloudy\minecraft\core\database\interfaces\IFetchData.java
G:\Projects\MinecraftPaperMcPlugins\CloudyCoreLibrary\src\main\java\cz\cloudy\minecraft\core\database\mappers\DefaultJdbcMapper.java
G:\Projects\MinecraftPaperMcPlugins\CloudyCoreLibrary\src\main\java\cz\cloudy\minecraft\core\database\mappers\MysqlDatabaseMapper.java
G:\Projects\MinecraftPaperMcPlugins\CloudyCoreLibrary\src\main\java\cz\cloudy\minecraft\core\database\processors\DefaultJdbcProcessor.java
G:\Projects\MinecraftPaperMcPlugins\CloudyCoreLibrary\src\main\java\cz\cloudy\minecraft\core\database\processors\MysqlDatabaseProcessor.java
G:\Projects\MinecraftPaperMcPlugins\CloudyCoreLibrary\src\main\java\cz\cloudy\minecraft\core\database\queries\RawDMLOrDDLQuery.java
G:\Projects\MinecraftPaperMcPlugins\CloudyCoreLibrary\src\main\java\cz\cloudy\minecraft\core\database\queries\RawDQLQuery.java
G:\Projects\MinecraftPaperMcPlugins\CloudyCoreLibrary\src\main\java\cz\cloudy\minecraft\core\database\queries\SelectQuery.java
G:\Projects\MinecraftPaperMcPlugins\CloudyCoreLibrary\src\main\java\cz\cloudy\minecraft\core\database\Query.java
G:\Projects\MinecraftPaperMcPlugins\CloudyCoreLibrary\src\main\java\cz\cloudy\minecraft\core\database\QueryBuilder.java
G:\Projects\MinecraftPaperMcPlugins\CloudyCoreLibrary\src\main\java\cz\cloudy\minecraft\core\database\QueryResult.java
G:\Projects\MinecraftPaperMcPlugins\CloudyCoreLibrary\src\main\java\cz\cloudy\minecraft\core\database\results\DMLOrDDLQueryResult.java
G:\Projects\MinecraftPaperMcPlugins\CloudyCoreLibrary\src\main\java\cz\cloudy\minecraft\core\database\results\DQLQueryResult.java
G:\Projects\MinecraftPaperMcPlugins\CloudyCoreLibrary\src\main\java\cz\cloudy\minecraft\core\database\types\ClassScan.java
G:\Projects\MinecraftPaperMcPlugins\CloudyCoreLibrary\src\main\java\cz\cloudy\minecraft\core\database\types\DatabaseConnectionData.java
G:\Projects\MinecraftPaperMcPlugins\CloudyCoreLibrary\src\main\java\cz\cloudy\minecraft\core\database\types\FieldScan.java
G:\Projects\MinecraftPaperMcPlugins\CloudyCoreLibrary\src\main\java\cz\cloudy\minecraft\core\data_transforming\DataTransformer.java
G:\Projects\MinecraftPaperMcPlugins\CloudyCoreLibrary\src\main\java\cz\cloudy\minecraft\core\data_transforming\interfaces\IDataTransformer.java
G:\Projects\MinecraftPaperMcPlugins\CloudyCoreLibrary\src\main\java\cz\cloudy\minecraft\core\data_transforming\transformers\BlockLocationToStringTransformer.java
G:\Projects\MinecraftPaperMcPlugins\CloudyCoreLibrary\src\main\java\cz\cloudy\minecraft\core\data_transforming\transformers\Int2ToStringTransform.java
G:\Projects\MinecraftPaperMcPlugins\CloudyCoreLibrary\src\main\java\cz\cloudy\minecraft\core\data_transforming\transformers\LocationToStringTransformer.java
G:\Projects\MinecraftPaperMcPlugins\CloudyCoreLibrary\src\main\java\cz\cloudy\minecraft\core\data_transforming\transformers\UUIDToStringTransformer.java
G:\Projects\MinecraftPaperMcPlugins\CloudyCoreLibrary\src\main\java\cz\cloudy\minecraft\core\data_transforming\transformers\WorldToStringTransformer.java
G:\Projects\MinecraftPaperMcPlugins\CloudyCoreLibrary\src\main\java\cz\cloudy\minecraft\core\game\ChestUtils.java
G:\Projects\MinecraftPaperMcPlugins\CloudyCoreLibrary\src\main\java\cz\cloudy\minecraft\core\game\EntityUtils.java
G:\Projects\MinecraftPaperMcPlugins\CloudyCoreLibrary\src\main\java\cz\cloudy\minecraft\core\game\TextUtils.java
G:\Projects\MinecraftPaperMcPlugins\CloudyCoreLibrary\src\main\java\cz\cloudy\minecraft\core\hashing\Hashing.java
G:\Projects\MinecraftPaperMcPlugins\CloudyCoreLibrary\src\main\java\cz\cloudy\minecraft\core\hashing\HashingAlgorithm.java
G:\Projects\MinecraftPaperMcPlugins\CloudyCoreLibrary\src\main\java\cz\cloudy\minecraft\core\interactions\InteractiveInventory.java
G:\Projects\MinecraftPaperMcPlugins\CloudyCoreLibrary\src\main\java\cz\cloudy\minecraft\core\interactions\InteractiveInventoryObject.java
G:\Projects\MinecraftPaperMcPlugins\CloudyCoreLibrary\src\main\java\cz\cloudy\minecraft\core\interactions\interfaces\IInteractiveInventoryClickHandler.java
G:\Projects\MinecraftPaperMcPlugins\CloudyCoreLibrary\src\main\java\cz\cloudy\minecraft\core\interactions\interfaces\IInteractiveInventoryHandler.java
G:\Projects\MinecraftPaperMcPlugins\CloudyCoreLibrary\src\main\java\cz\cloudy\minecraft\core\interactions\interfaces\IInteractiveInventoryTakeHandler.java
G:\Projects\MinecraftPaperMcPlugins\CloudyCoreLibrary\src\main\java\cz\cloudy\minecraft\core\items\ItemStackBuilder.java
G:\Projects\MinecraftPaperMcPlugins\CloudyCoreLibrary\src\main\java\cz\cloudy\minecraft\core\LoggerFactory.java
G:\Projects\MinecraftPaperMcPlugins\CloudyCoreLibrary\src\main\java\cz\cloudy\minecraft\core\maps\MapCanvas.java
G:\Projects\MinecraftPaperMcPlugins\CloudyCoreLibrary\src\main\java\cz\cloudy\minecraft\core\maps\MapController.java
G:\Projects\MinecraftPaperMcPlugins\CloudyCoreLibrary\src\main\java\cz\cloudy\minecraft\core\maps\MapControllerAspect.java
G:\Projects\MinecraftPaperMcPlugins\CloudyCoreLibrary\src\main\java\cz\cloudy\minecraft\core\maps\map_renderers\ImageMapRenderer.java
G:\Projects\MinecraftPaperMcPlugins\CloudyCoreLibrary\src\main\java\cz\cloudy\minecraft\core\maps\pojo\MapRecord.java
G:\Projects\MinecraftPaperMcPlugins\CloudyCoreLibrary\src\main\java\cz\cloudy\minecraft\core\maps\pojo\MapRecordChunk.java
G:\Projects\MinecraftPaperMcPlugins\CloudyCoreLibrary\src\main\java\cz\cloudy\minecraft\core\math\VectorUtils.java
G:\Projects\MinecraftPaperMcPlugins\CloudyCoreLibrary\src\main\java\cz\cloudy\minecraft\core\particles\ParticleJob.java
G:\Projects\MinecraftPaperMcPlugins\CloudyCoreLibrary\src\main\java\cz\cloudy\minecraft\core\particles\Particles.java
G:\Projects\MinecraftPaperMcPlugins\CloudyCoreLibrary\src\main\java\cz\cloudy\minecraft\core\scoreboard\fields\ObjectiveScoreboardField.java
G:\Projects\MinecraftPaperMcPlugins\CloudyCoreLibrary\src\main\java\cz\cloudy\minecraft\core\scoreboard\fields\ScoreScoreboardField.java
G:\Projects\MinecraftPaperMcPlugins\CloudyCoreLibrary\src\main\java\cz\cloudy\minecraft\core\scoreboard\fields\SpaceScoreboardField.java
G:\Projects\MinecraftPaperMcPlugins\CloudyCoreLibrary\src\main\java\cz\cloudy\minecraft\core\scoreboard\fields\TeamScoreboardField.java
G:\Projects\MinecraftPaperMcPlugins\CloudyCoreLibrary\src\main\java\cz\cloudy\minecraft\core\scoreboard\logics\ChangeBasedScoreboardLogic.java
G:\Projects\MinecraftPaperMcPlugins\CloudyCoreLibrary\src\main\java\cz\cloudy\minecraft\core\scoreboard\Scoreboard.java
G:\Projects\MinecraftPaperMcPlugins\CloudyCoreLibrary\src\main\java\cz\cloudy\minecraft\core\scoreboard\ScoreboardField.java
G:\Projects\MinecraftPaperMcPlugins\CloudyCoreLibrary\src\main\java\cz\cloudy\minecraft\core\scoreboard\ScoreboardLogic.java
G:\Projects\MinecraftPaperMcPlugins\CloudyCoreLibrary\src\main\java\cz\cloudy\minecraft\core\scoreboard\ScoreboardObject.java
G:\Projects\MinecraftPaperMcPlugins\CloudyCoreLibrary\src\main\java\cz\cloudy\minecraft\core\types\Int2.java
G:\Projects\MinecraftPaperMcPlugins\CloudyCoreLibrary\src\main\java\cz\cloudy\minecraft\core\types\Pair.java
